<?xml version="1.0" encoding="UTF-8"?>
<!-- Generated by org.testng.reporters.JUnitReportReporter -->
<testsuite hostname="Raj" failures="0" tests="1" name="s7examples.JunitAnnotations" time="0.422" errors="0" timestamp="2023-03-04T19:39:32 IST" skipped="0">
  <testcase classname="s7examples.JunitAnnotations" name="Test1" time="0.422"/>
  <system-out/>
</testsuite> <!-- s7examples.JunitAnnotations -->
